<?xml version="1.0" encoding="UTF-8"?>
<!-- Generated by org.testng.reporters.JUnitXMLReporter -->
<testsuite hostname="LAPTOP-31B2K48K" ignored="0" name="Command line test" tests="7" failures="1" timestamp="14 Jun 2019 02:23:25 GMT" time="94.729" errors="0">
  <testcase name="homePageTitleTest" time="0.008" classname="inkeralartc.qa.testcases.HomePageTest"/>
  <testcase name="homePageHeaderTest" time="0.031" classname="inkeralartc.qa.testcases.HomePageTest"/>
  <testcase name="signInLinkDisplayTest" time="0.123" classname="inkeralartc.qa.testcases.HomePageTest"/>
  <testcase name="registrationLinkDisplayTest" time="0.05" classname="inkeralartc.qa.testcases.HomePageTest"/>
  <testcase name="viewTicketLinkDisplayTest" time="0.18" classname="inkeralartc.qa.testcases.HomePageTest"/>
  <testcase name="cancellationLinkDisplayTest" time="0.027" classname="inkeralartc.qa.testcases.HomePageTest"/>
  <testcase name="registrationLinkClickTest" time="0.001" classname="inkeralartc.qa.testcases.HomePageTest">
    <failure type="java.lang.NullPointerException">
      <![CDATA[java.lang.NullPointerException
at in.keralartc.qa.pages.HomePage.validateRegLink(HomePage.java:54)
at inkeralartc.qa.testcases.HomePageTest.registrationLinkClickTest(HomePageTest.java:63)
... Removed 35 stack frames]]>
    </failure>
  </testcase> <!-- registrationLinkClickTest -->
</testsuite> <!-- Command line test -->
