<?xml version="1.0" encoding="UTF-8"?>
<testng-results skipped="0" failed="1" ignored="0" total="7" passed="6">
  <reporter-output>
  </reporter-output>
  <suite name="Command line suite" duration-ms="94729" started-at="2019-06-14T02:21:50Z" finished-at="2019-06-14T02:23:25Z">
    <groups>
    </groups>
    <test name="Command line test" duration-ms="94729" started-at="2019-06-14T02:21:50Z" finished-at="2019-06-14T02:23:25Z">
      <class name="inkeralartc.qa.testcases.HomePageTest">
        <test-method status="PASS" signature="setUp()[pri:0, instance:inkeralartc.qa.testcases.HomePageTest@21bcffb5]" name="setUp" is-config="true" duration-ms="19287" started-at="2019-06-14T02:21:50Z" finished-at="2019-06-14T02:22:09Z">
          <reporter-output>
          </reporter-output>
        </test-method> <!-- setUp -->
        <test-method status="PASS" signature="homePageTitleTest()[pri:1, instance:inkeralartc.qa.testcases.HomePageTest@21bcffb5]" name="homePageTitleTest" duration-ms="8" started-at="2019-06-14T02:22:09Z" finished-at="2019-06-14T02:22:09Z">
          <reporter-output>
          </reporter-output>
        </test-method> <!-- homePageTitleTest -->
        <test-method status="PASS" signature="tearDown()[pri:0, instance:inkeralartc.qa.testcases.HomePageTest@21bcffb5]" name="tearDown" is-config="true" duration-ms="1487" started-at="2019-06-14T02:22:09Z" finished-at="2019-06-14T02:22:11Z">
          <reporter-output>
          </reporter-output>
        </test-method> <!-- tearDown -->
        <test-method status="PASS" signature="setUp()[pri:0, instance:inkeralartc.qa.testcases.HomePageTest@21bcffb5]" name="setUp" is-config="true" duration-ms="9681" started-at="2019-06-14T02:22:11Z" finished-at="2019-06-14T02:22:21Z">
          <reporter-output>
          </reporter-output>
        </test-method> <!-- setUp -->
        <test-method status="PASS" signature="homePageHeaderTest()[pri:2, instance:inkeralartc.qa.testcases.HomePageTest@21bcffb5]" name="homePageHeaderTest" duration-ms="31" started-at="2019-06-14T02:22:21Z" finished-at="2019-06-14T02:22:21Z">
          <reporter-output>
          </reporter-output>
        </test-method> <!-- homePageHeaderTest -->
        <test-method status="PASS" signature="tearDown()[pri:0, instance:inkeralartc.qa.testcases.HomePageTest@21bcffb5]" name="tearDown" is-config="true" duration-ms="1323" started-at="2019-06-14T02:22:21Z" finished-at="2019-06-14T02:22:22Z">
          <reporter-output>
          </reporter-output>
        </test-method> <!-- tearDown -->
        <test-method status="PASS" signature="setUp()[pri:0, instance:inkeralartc.qa.testcases.HomePageTest@21bcffb5]" name="setUp" is-config="true" duration-ms="21571" started-at="2019-06-14T02:22:22Z" finished-at="2019-06-14T02:22:44Z">
          <reporter-output>
          </reporter-output>
        </test-method> <!-- setUp -->
        <test-method status="PASS" signature="signInLinkDisplayTest()[pri:3, instance:inkeralartc.qa.testcases.HomePageTest@21bcffb5]" name="signInLinkDisplayTest" duration-ms="123" started-at="2019-06-14T02:22:44Z" finished-at="2019-06-14T02:22:44Z">
          <reporter-output>
          </reporter-output>
        </test-method> <!-- signInLinkDisplayTest -->
        <test-method status="PASS" signature="tearDown()[pri:0, instance:inkeralartc.qa.testcases.HomePageTest@21bcffb5]" name="tearDown" is-config="true" duration-ms="1450" started-at="2019-06-14T02:22:44Z" finished-at="2019-06-14T02:22:45Z">
          <reporter-output>
          </reporter-output>
        </test-method> <!-- tearDown -->
        <test-method status="PASS" signature="setUp()[pri:0, instance:inkeralartc.qa.testcases.HomePageTest@21bcffb5]" name="setUp" is-config="true" duration-ms="10957" started-at="2019-06-14T02:22:45Z" finished-at="2019-06-14T02:22:56Z">
          <reporter-output>
          </reporter-output>
        </test-method> <!-- setUp -->
        <test-method status="PASS" signature="registrationLinkDisplayTest()[pri:4, instance:inkeralartc.qa.testcases.HomePageTest@21bcffb5]" name="registrationLinkDisplayTest" duration-ms="50" started-at="2019-06-14T02:22:56Z" finished-at="2019-06-14T02:22:56Z">
          <reporter-output>
          </reporter-output>
        </test-method> <!-- registrationLinkDisplayTest -->
        <test-method status="PASS" signature="tearDown()[pri:0, instance:inkeralartc.qa.testcases.HomePageTest@21bcffb5]" name="tearDown" is-config="true" duration-ms="870" started-at="2019-06-14T02:22:56Z" finished-at="2019-06-14T02:22:57Z">
          <reporter-output>
          </reporter-output>
        </test-method> <!-- tearDown -->
        <test-method status="PASS" signature="setUp()[pri:0, instance:inkeralartc.qa.testcases.HomePageTest@21bcffb5]" name="setUp" is-config="true" duration-ms="10903" started-at="2019-06-14T02:22:57Z" finished-at="2019-06-14T02:23:08Z">
          <reporter-output>
          </reporter-output>
        </test-method> <!-- setUp -->
        <test-method status="PASS" signature="viewTicketLinkDisplayTest()[pri:5, instance:inkeralartc.qa.testcases.HomePageTest@21bcffb5]" name="viewTicketLinkDisplayTest" duration-ms="180" started-at="2019-06-14T02:23:08Z" finished-at="2019-06-14T02:23:08Z">
          <reporter-output>
          </reporter-output>
        </test-method> <!-- viewTicketLinkDisplayTest -->
        <test-method status="PASS" signature="tearDown()[pri:0, instance:inkeralartc.qa.testcases.HomePageTest@21bcffb5]" name="tearDown" is-config="true" duration-ms="930" started-at="2019-06-14T02:23:08Z" finished-at="2019-06-14T02:23:09Z">
          <reporter-output>
          </reporter-output>
        </test-method> <!-- tearDown -->
        <test-method status="PASS" signature="setUp()[pri:0, instance:inkeralartc.qa.testcases.HomePageTest@21bcffb5]" name="setUp" is-config="true" duration-ms="7447" started-at="2019-06-14T02:23:09Z" finished-at="2019-06-14T02:23:16Z">
          <reporter-output>
          </reporter-output>
        </test-method> <!-- setUp -->
        <test-method status="PASS" signature="cancellationLinkDisplayTest()[pri:6, instance:inkeralartc.qa.testcases.HomePageTest@21bcffb5]" name="cancellationLinkDisplayTest" duration-ms="27" started-at="2019-06-14T02:23:16Z" finished-at="2019-06-14T02:23:16Z">
          <reporter-output>
          </reporter-output>
        </test-method> <!-- cancellationLinkDisplayTest -->
        <test-method status="PASS" signature="tearDown()[pri:0, instance:inkeralartc.qa.testcases.HomePageTest@21bcffb5]" name="tearDown" is-config="true" duration-ms="917" started-at="2019-06-14T02:23:16Z" finished-at="2019-06-14T02:23:17Z">
          <reporter-output>
          </reporter-output>
        </test-method> <!-- tearDown -->
        <test-method status="PASS" signature="setUp()[pri:0, instance:inkeralartc.qa.testcases.HomePageTest@21bcffb5]" name="setUp" is-config="true" duration-ms="6587" started-at="2019-06-14T02:23:17Z" finished-at="2019-06-14T02:23:24Z">
          <reporter-output>
          </reporter-output>
        </test-method> <!-- setUp -->
        <test-method status="FAIL" signature="registrationLinkClickTest()[pri:7, instance:inkeralartc.qa.testcases.HomePageTest@21bcffb5]" name="registrationLinkClickTest" duration-ms="1" started-at="2019-06-14T02:23:24Z" finished-at="2019-06-14T02:23:24Z">
          <exception class="java.lang.NullPointerException">
            <full-stacktrace>
              <![CDATA[java.lang.NullPointerException
at in.keralartc.qa.pages.HomePage.validateRegLink(HomePage.java:54)
at inkeralartc.qa.testcases.HomePageTest.registrationLinkClickTest(HomePageTest.java:63)
at sun.reflect.NativeMethodAccessorImpl.invoke0(Native Method)
at sun.reflect.NativeMethodAccessorImpl.invoke(NativeMethodAccessorImpl.java:62)
at sun.reflect.DelegatingMethodAccessorImpl.invoke(DelegatingMethodAccessorImpl.java:43)
at java.lang.reflect.Method.invoke(Method.java:498)
at org.testng.internal.MethodInvocationHelper.invokeMethod(MethodInvocationHelper.java:124)
at org.testng.internal.Invoker.invokeMethod(Invoker.java:583)
at org.testng.internal.Invoker.invokeTestMethod(Invoker.java:719)
at org.testng.internal.Invoker.invokeTestMethods(Invoker.java:989)
at org.testng.internal.TestMethodWorker.invokeTestMethods(TestMethodWorker.java:125)
at org.testng.internal.TestMethodWorker.run(TestMethodWorker.java:109)
at org.testng.TestRunner.privateRun(TestRunner.java:648)
at org.testng.TestRunner.run(TestRunner.java:505)
at org.testng.SuiteRunner.runTest(SuiteRunner.java:455)
at org.testng.SuiteRunner.runSequentially(SuiteRunner.java:450)
at org.testng.SuiteRunner.privateRun(SuiteRunner.java:415)
at org.testng.SuiteRunner.run(SuiteRunner.java:364)
at org.testng.SuiteRunnerWorker.runSuite(SuiteRunnerWorker.java:52)
at org.testng.SuiteRunnerWorker.run(SuiteRunnerWorker.java:84)
at org.testng.TestNG.runSuitesSequentially(TestNG.java:1208)
at org.testng.TestNG.runSuitesLocally(TestNG.java:1137)
at org.testng.TestNG.runSuites(TestNG.java:1049)
at org.testng.TestNG.run(TestNG.java:1017)
at org.apache.maven.surefire.testng.TestNGExecutor.run(TestNGExecutor.java:77)
at org.apache.maven.surefire.testng.TestNGDirectoryTestSuite.executeMulti(TestNGDirectoryTestSuite.java:159)
at org.apache.maven.surefire.testng.TestNGDirectoryTestSuite.execute(TestNGDirectoryTestSuite.java:99)
at org.apache.maven.surefire.testng.TestNGProvider.invoke(TestNGProvider.java:106)
at sun.reflect.NativeMethodAccessorImpl.invoke0(Native Method)
at sun.reflect.NativeMethodAccessorImpl.invoke(NativeMethodAccessorImpl.java:62)
at sun.reflect.DelegatingMethodAccessorImpl.invoke(DelegatingMethodAccessorImpl.java:43)
at java.lang.reflect.Method.invoke(Method.java:498)
at org.apache.maven.surefire.util.ReflectionUtils.invokeMethodWithArray(ReflectionUtils.java:189)
at org.apache.maven.surefire.booter.ProviderFactory$ProviderProxy.invoke(ProviderFactory.java:165)
at org.apache.maven.surefire.booter.ProviderFactory.invokeProvider(ProviderFactory.java:85)
at org.apache.maven.surefire.booter.ForkedBooter.runSuitesInProcess(ForkedBooter.java:115)
at org.apache.maven.surefire.booter.ForkedBooter.main(ForkedBooter.java:75)
]]>
            </full-stacktrace>
          </exception> <!-- java.lang.NullPointerException -->
          <reporter-output>
          </reporter-output>
        </test-method> <!-- registrationLinkClickTest -->
        <test-method status="PASS" signature="tearDown()[pri:0, instance:inkeralartc.qa.testcases.HomePageTest@21bcffb5]" name="tearDown" is-config="true" duration-ms="809" started-at="2019-06-14T02:23:24Z" finished-at="2019-06-14T02:23:25Z">
          <reporter-output>
          </reporter-output>
        </test-method> <!-- tearDown -->
      </class> <!-- inkeralartc.qa.testcases.HomePageTest -->
    </test> <!-- Command line test -->
  </suite> <!-- Command line suite -->
</testng-results>
