<?xml version="1.0" encoding="UTF-8"?>
<!-- Generated by org.testng.reporters.JUnitXMLReporter -->
<testsuite hostname="LAPTOP-31B2K48K" ignored="0" name="KSRTC Automation test cases" tests="7" failures="1" timestamp="02 Jun 2019 11:21:58 GMT" time="70.729" errors="0">
  <testcase name="homePageTitleTest" time="0.013" classname="inkeralartc.qa.testcases.HomePageTest"/>
  <testcase name="homePageHeaderTest" time="0.045" classname="inkeralartc.qa.testcases.HomePageTest"/>
  <testcase name="signInLinkDisplayTest" time="0.043" classname="inkeralartc.qa.testcases.HomePageTest"/>
  <testcase name="registrationLinkDisplayTest" time="0.03" classname="inkeralartc.qa.testcases.HomePageTest"/>
  <testcase name="viewTicketLinkDisplayTest" time="0.028" classname="inkeralartc.qa.testcases.HomePageTest"/>
  <testcase name="cancellationLinkDisplayTest" time="0.028" classname="inkeralartc.qa.testcases.HomePageTest"/>
  <testcase name="registrationLinkClickTest" time="0.001" classname="inkeralartc.qa.testcases.HomePageTest">
    <failure type="java.lang.NullPointerException">
      <![CDATA[java.lang.NullPointerException
at in.keralartc.qa.pages.HomePage.validateRegLink(HomePage.java:54)
at inkeralartc.qa.testcases.HomePageTest.registrationLinkClickTest(HomePageTest.java:63)
... Removed 25 stack frames]]>
    </failure>
  </testcase> <!-- registrationLinkClickTest -->
</testsuite> <!-- KSRTC Automation test cases -->
